<?xml version="1.0" encoding="UTF-8"?>
<coverage generated="1664896507012" clover="3.2.0">
  <project timestamp="1664896507012" name="All files">
    <metrics statements="89" coveredstatements="47" conditionals="79" coveredconditionals="33" methods="28" coveredmethods="19" elements="196" coveredelements="99" complexity="0" loc="89" ncloc="89" packages="1" files="7" classes="7"/>
    <file name="App.js" path="/Users/oswinpinto/Desktop/Final project/battleships_royale/src/App.js">
      <metrics statements="2" coveredstatements="2" conditionals="2" coveredconditionals="2" methods="1" coveredmethods="1"/>
      <line num="8" count="3" type="stmt"/>
      <line num="10" count="3" type="stmt"/>
    </file>
    <file name="RunGame.js" path="/Users/oswinpinto/Desktop/Final project/battleships_royale/src/RunGame.js">
      <metrics statements="31" coveredstatements="16" conditionals="17" coveredconditionals="6" methods="12" coveredmethods="6"/>
      <line num="6" count="4" type="stmt"/>
      <line num="7" count="4" type="stmt"/>
      <line num="9" count="4" type="stmt"/>
      <line num="10" count="4" type="stmt"/>
      <line num="13" count="9" type="stmt"/>
      <line num="20" count="9" type="stmt"/>
      <line num="22" count="9" type="stmt"/>
      <line num="27" count="9" type="stmt"/>
      <line num="28" count="144" type="cond" truecount="5" falsecount="0"/>
      <line num="33" count="9" type="stmt"/>
      <line num="35" count="9" type="stmt"/>
      <line num="37" count="1" type="stmt"/>
      <line num="38" count="0" type="stmt"/>
      <line num="39" count="0" type="stmt"/>
      <line num="40" count="0" type="stmt"/>
      <line num="41" count="0" type="stmt"/>
      <line num="42" count="0" type="stmt"/>
      <line num="46" count="144" type="stmt"/>
      <line num="53" count="144" type="stmt"/>
      <line num="64" count="1" type="cond" truecount="1" falsecount="1"/>
      <line num="66" count="1" type="stmt"/>
      <line num="68" count="0" type="cond" truecount="0" falsecount="2"/>
      <line num="70" count="0" type="stmt"/>
      <line num="72" count="0" type="cond" truecount="0" falsecount="2"/>
      <line num="74" count="0" type="stmt"/>
      <line num="76" count="0" type="cond" truecount="0" falsecount="2"/>
      <line num="78" count="0" type="stmt"/>
      <line num="85" count="0" type="cond" truecount="0" falsecount="2"/>
      <line num="86" count="0" type="stmt"/>
      <line num="87" count="0" type="cond" truecount="0" falsecount="2"/>
      <line num="88" count="0" type="stmt"/>
    </file>
    <file name="Square.js" path="/Users/oswinpinto/Desktop/Final project/battleships_royale/src/Square.js">
      <metrics statements="31" coveredstatements="16" conditionals="48" coveredconditionals="18" methods="6" coveredmethods="5"/>
      <line num="9" count="112" type="stmt"/>
      <line num="10" count="112" type="stmt"/>
      <line num="14" count="112" type="stmt"/>
      <line num="25" count="1" type="cond" truecount="1" falsecount="1"/>
      <line num="26" count="1" type="stmt"/>
      <line num="27" count="16" type="cond" truecount="4" falsecount="3"/>
      <line num="28" count="1" type="stmt"/>
      <line num="32" count="15" type="cond" truecount="5" falsecount="1"/>
      <line num="33" count="0" type="stmt"/>
      <line num="36" count="15" type="cond" truecount="4" falsecount="1"/>
      <line num="37" count="0" type="stmt"/>
      <line num="40" count="15" type="cond" truecount="3" falsecount="1"/>
      <line num="41" count="0" type="stmt"/>
      <line num="45" count="15" type="stmt"/>
      <line num="49" count="1" type="stmt"/>
      <line num="50" count="1" type="stmt"/>
      <line num="53" count="1" type="cond" truecount="1" falsecount="1"/>
      <line num="54" count="0" type="stmt"/>
      <line num="55" count="0" type="cond" truecount="0" falsecount="7"/>
      <line num="56" count="0" type="stmt"/>
      <line num="60" count="0" type="cond" truecount="0" falsecount="6"/>
      <line num="61" count="0" type="stmt"/>
      <line num="64" count="0" type="cond" truecount="0" falsecount="5"/>
      <line num="65" count="0" type="stmt"/>
      <line num="68" count="0" type="cond" truecount="0" falsecount="4"/>
      <line num="69" count="0" type="stmt"/>
      <line num="73" count="0" type="stmt"/>
      <line num="77" count="0" type="stmt"/>
      <line num="78" count="0" type="stmt"/>
      <line num="87" count="144" type="stmt"/>
      <line num="88" count="1" type="stmt"/>
    </file>
    <file name="SquareOpponent.js" path="/Users/oswinpinto/Desktop/Final project/battleships_royale/src/SquareOpponent.js">
      <metrics statements="12" coveredstatements="11" conditionals="8" coveredconditionals="7" methods="5" coveredmethods="5"/>
      <line num="7" count="112" type="stmt"/>
      <line num="8" count="112" type="stmt"/>
      <line num="12" count="112" type="stmt"/>
      <line num="23" count="1" type="stmt"/>
      <line num="24" count="16" type="cond" truecount="3" falsecount="1"/>
      <line num="25" count="0" type="stmt"/>
      <line num="26" count="16" type="cond" truecount="4" falsecount="0"/>
      <line num="27" count="1" type="stmt"/>
      <line num="28" count="15" type="stmt"/>
      <line num="30" count="1" type="stmt"/>
      <line num="38" count="144" type="stmt"/>
      <line num="39" count="1" type="stmt"/>
    </file>
    <file name="Welcome.js" path="/Users/oswinpinto/Desktop/Final project/battleships_royale/src/Welcome.js">
      <metrics statements="2" coveredstatements="2" conditionals="0" coveredconditionals="0" methods="2" coveredmethods="2"/>
      <line num="6" count="3" type="stmt"/>
      <line num="8" count="1" type="stmt"/>
    </file>
    <file name="index.js" path="/Users/oswinpinto/Desktop/Final project/battleships_royale/src/index.js">
      <metrics statements="3" coveredstatements="0" conditionals="0" coveredconditionals="0" methods="0" coveredmethods="0"/>
      <line num="7" count="0" type="stmt"/>
      <line num="8" count="0" type="stmt"/>
      <line num="17" count="0" type="stmt"/>
    </file>
    <file name="reportWebVitals.js" path="/Users/oswinpinto/Desktop/Final project/battleships_royale/src/reportWebVitals.js">
      <metrics statements="8" coveredstatements="0" conditionals="4" coveredconditionals="0" methods="2" coveredmethods="0"/>
      <line num="1" count="0" type="stmt"/>
      <line num="2" count="0" type="cond" truecount="0" falsecount="4"/>
      <line num="3" count="0" type="stmt"/>
      <line num="4" count="0" type="stmt"/>
      <line num="5" count="0" type="stmt"/>
      <line num="6" count="0" type="stmt"/>
      <line num="7" count="0" type="stmt"/>
      <line num="8" count="0" type="stmt"/>
    </file>
  </project>
</coverage>
