{"/Users/oswinpinto/Desktop/Final project/battleships_royale/src/App.js": {"path":"/Users/oswinpinto/Desktop/Final project/battleships_royale/src/App.js","statementMap":{"0":{"start":{"line":8,"column":36},"end":{"line":8,"column":55}},"1":{"start":{"line":10,"column":2},"end":{"line":12,"column":4}}},"fnMap":{"0":{"name":"App","decl":{"start":{"line":7,"column":9},"end":{"line":7,"column":12}},"loc":{"start":{"line":7,"column":15},"end":{"line":13,"column":1}},"line":7}},"branchMap":{"0":{"loc":{"start":{"line":11,"column":4},"end":{"line":11,"column":87}},"type":"cond-expr","locations":[{"start":{"line":11,"column":30},"end":{"line":11,"column":73}},{"start":{"line":11,"column":76},"end":{"line":11,"column":87}}],"line":11}},"s":{"0":3,"1":3},"f":{"0":3},"b":{"0":[2,1]},"_coverageSchema":"1a1c01bbd47fc00a2c39e90264f33305004495a9","hash":"23d4f995b3f033f237910075682576b63369a0ee"}
,"/Users/oswinpinto/Desktop/Final project/battleships_royale/src/RunGame.js": {"path":"/Users/oswinpinto/Desktop/Final project/battleships_royale/src/RunGame.js","statementMap":{"0":{"start":{"line":6,"column":26},"end":{"line":6,"column":30}},"1":{"start":{"line":7,"column":24},"end":{"line":7,"column":28}},"2":{"start":{"line":9,"column":19},"end":{"line":9,"column":25}},"3":{"start":{"line":10,"column":17},"end":{"line":10,"column":29}},"4":{"start":{"line":13,"column":25},"end":{"line":16,"column":4}},"5":{"start":{"line":20,"column":34},"end":{"line":20,"column":58}},"6":{"start":{"line":22,"column":27},"end":{"line":25,"column":4}},"7":{"start":{"line":27,"column":27},"end":{"line":29,"column":1}},"8":{"start":{"line":28,"column":4},"end":{"line":28,"column":90}},"9":{"start":{"line":33,"column":43},"end":{"line":33,"column":69}},"10":{"start":{"line":35,"column":2},"end":{"line":59,"column":4}},"11":{"start":{"line":37,"column":56},"end":{"line":37,"column":70}},"12":{"start":{"line":38,"column":45},"end":{"line":38,"column":59}},"13":{"start":{"line":39,"column":45},"end":{"line":39,"column":59}},"14":{"start":{"line":40,"column":45},"end":{"line":40,"column":59}},"15":{"start":{"line":41,"column":45},"end":{"line":41,"column":77}},"16":{"start":{"line":42,"column":45},"end":{"line":42,"column":75}},"17":{"start":{"line":46,"column":28},"end":{"line":46,"column":147}},"18":{"start":{"line":53,"column":28},"end":{"line":53,"column":164}},"19":{"start":{"line":64,"column":2},"end":{"line":80,"column":3}},"20":{"start":{"line":66,"column":2},"end":{"line":66,"column":25}},"21":{"start":{"line":68,"column":9},"end":{"line":80,"column":3}},"22":{"start":{"line":70,"column":4},"end":{"line":70,"column":27}},"23":{"start":{"line":72,"column":9},"end":{"line":80,"column":3}},"24":{"start":{"line":74,"column":4},"end":{"line":74,"column":27}},"25":{"start":{"line":76,"column":9},"end":{"line":80,"column":3}},"26":{"start":{"line":78,"column":4},"end":{"line":78,"column":27}},"27":{"start":{"line":85,"column":2},"end":{"line":89,"column":3}},"28":{"start":{"line":86,"column":4},"end":{"line":86,"column":29}},"29":{"start":{"line":87,"column":9},"end":{"line":89,"column":3}},"30":{"start":{"line":88,"column":4},"end":{"line":88,"column":27}}},"fnMap":{"0":{"name":"RunGame","decl":{"start":{"line":12,"column":16},"end":{"line":12,"column":23}},"loc":{"start":{"line":12,"column":26},"end":{"line":60,"column":1}},"line":12},"1":{"name":"(anonymous_1)","decl":{"start":{"line":27,"column":48},"end":{"line":27,"column":49}},"loc":{"start":{"line":28,"column":4},"end":{"line":28,"column":90}},"line":28},"2":{"name":"(anonymous_2)","decl":{"start":{"line":37,"column":50},"end":{"line":37,"column":51}},"loc":{"start":{"line":37,"column":54},"end":{"line":37,"column":71}},"line":37},"3":{"name":"(anonymous_3)","decl":{"start":{"line":38,"column":39},"end":{"line":38,"column":40}},"loc":{"start":{"line":38,"column":43},"end":{"line":38,"column":60}},"line":38},"4":{"name":"(anonymous_4)","decl":{"start":{"line":39,"column":39},"end":{"line":39,"column":40}},"loc":{"start":{"line":39,"column":43},"end":{"line":39,"column":60}},"line":39},"5":{"name":"(anonymous_5)","decl":{"start":{"line":40,"column":39},"end":{"line":40,"column":40}},"loc":{"start":{"line":40,"column":43},"end":{"line":40,"column":60}},"line":40},"6":{"name":"(anonymous_6)","decl":{"start":{"line":41,"column":39},"end":{"line":41,"column":40}},"loc":{"start":{"line":41,"column":43},"end":{"line":41,"column":78}},"line":41},"7":{"name":"(anonymous_7)","decl":{"start":{"line":42,"column":39},"end":{"line":42,"column":40}},"loc":{"start":{"line":42,"column":43},"end":{"line":42,"column":76}},"line":42},"8":{"name":"(anonymous_8)","decl":{"start":{"line":46,"column":8},"end":{"line":46,"column":9}},"loc":{"start":{"line":46,"column":28},"end":{"line":46,"column":147}},"line":46},"9":{"name":"(anonymous_9)","decl":{"start":{"line":53,"column":8},"end":{"line":53,"column":9}},"loc":{"start":{"line":53,"column":28},"end":{"line":53,"column":164}},"line":53},"10":{"name":"SelectShip","decl":{"start":{"line":62,"column":9},"end":{"line":62,"column":19}},"loc":{"start":{"line":62,"column":29},"end":{"line":82,"column":1}},"line":62},"11":{"name":"SelectOrientation","decl":{"start":{"line":84,"column":9},"end":{"line":84,"column":26}},"loc":{"start":{"line":84,"column":43},"end":{"line":90,"column":1}},"line":84}},"branchMap":{"0":{"loc":{"start":{"line":28,"column":4},"end":{"line":28,"column":90}},"type":"cond-expr","locations":[{"start":{"line":28,"column":48},"end":{"line":28,"column":81}},{"start":{"line":28,"column":84},"end":{"line":28,"column":90}}],"line":28},"1":{"loc":{"start":{"line":28,"column":4},"end":{"line":28,"column":45}},"type":"binary-expr","locations":[{"start":{"line":28,"column":4},"end":{"line":28,"column":15}},{"start":{"line":28,"column":19},"end":{"line":28,"column":30}},{"start":{"line":28,"column":34},"end":{"line":28,"column":45}}],"line":28},"2":{"loc":{"start":{"line":64,"column":2},"end":{"line":80,"column":3}},"type":"if","locations":[{"start":{"line":64,"column":2},"end":{"line":80,"column":3}},{"start":{"line":68,"column":9},"end":{"line":80,"column":3}}],"line":64},"3":{"loc":{"start":{"line":68,"column":9},"end":{"line":80,"column":3}},"type":"if","locations":[{"start":{"line":68,"column":9},"end":{"line":80,"column":3}},{"start":{"line":72,"column":9},"end":{"line":80,"column":3}}],"line":68},"4":{"loc":{"start":{"line":72,"column":9},"end":{"line":80,"column":3}},"type":"if","locations":[{"start":{"line":72,"column":9},"end":{"line":80,"column":3}},{"start":{"line":76,"column":9},"end":{"line":80,"column":3}}],"line":72},"5":{"loc":{"start":{"line":76,"column":9},"end":{"line":80,"column":3}},"type":"if","locations":[{"start":{"line":76,"column":9},"end":{"line":80,"column":3}},{"start":{},"end":{}}],"line":76},"6":{"loc":{"start":{"line":85,"column":2},"end":{"line":89,"column":3}},"type":"if","locations":[{"start":{"line":85,"column":2},"end":{"line":89,"column":3}},{"start":{"line":87,"column":9},"end":{"line":89,"column":3}}],"line":85},"7":{"loc":{"start":{"line":87,"column":9},"end":{"line":89,"column":3}},"type":"if","locations":[{"start":{"line":87,"column":9},"end":{"line":89,"column":3}},{"start":{},"end":{}}],"line":87}},"s":{"0":4,"1":4,"2":4,"3":4,"4":9,"5":9,"6":9,"7":9,"8":144,"9":9,"10":9,"11":1,"12":0,"13":0,"14":0,"15":0,"16":0,"17":144,"18":144,"19":1,"20":1,"21":0,"22":0,"23":0,"24":0,"25":0,"26":0,"27":0,"28":0,"29":0,"30":0},"f":{"0":9,"1":144,"2":1,"3":0,"4":0,"5":0,"6":0,"7":0,"8":144,"9":144,"10":1,"11":0},"b":{"0":[27,117],"1":[144,135,126],"2":[1,0],"3":[0,0],"4":[0,0],"5":[0,0],"6":[0,0],"7":[0,0]},"_coverageSchema":"1a1c01bbd47fc00a2c39e90264f33305004495a9","hash":"5a9075b9e3142c567e8518091de796956159efa3"}
,"/Users/oswinpinto/Desktop/Final project/battleships_royale/src/Square.js": {"path":"/Users/oswinpinto/Desktop/Final project/battleships_royale/src/Square.js","statementMap":{"0":{"start":{"line":9,"column":4},"end":{"line":9,"column":17}},"1":{"start":{"line":10,"column":4},"end":{"line":13,"column":5}},"2":{"start":{"line":14,"column":4},"end":{"line":14,"column":50}},"3":{"start":{"line":25,"column":4},"end":{"line":51,"column":5}},"4":{"start":{"line":26,"column":25},"end":{"line":48,"column":8}},"5":{"start":{"line":27,"column":8},"end":{"line":46,"column":9}},"6":{"start":{"line":28,"column":10},"end":{"line":31,"column":12}},"7":{"start":{"line":32,"column":15},"end":{"line":46,"column":9}},"8":{"start":{"line":33,"column":10},"end":{"line":35,"column":33}},"9":{"start":{"line":36,"column":15},"end":{"line":46,"column":9}},"10":{"start":{"line":37,"column":10},"end":{"line":39,"column":33}},"11":{"start":{"line":40,"column":15},"end":{"line":46,"column":9}},"12":{"start":{"line":41,"column":10},"end":{"line":43,"column":33}},"13":{"start":{"line":45,"column":10},"end":{"line":45,"column":23}},"14":{"start":{"line":49,"column":6},"end":{"line":49,"column":31}},"15":{"start":{"line":50,"column":6},"end":{"line":50,"column":43}},"16":{"start":{"line":53,"column":4},"end":{"line":79,"column":5}},"17":{"start":{"line":54,"column":25},"end":{"line":76,"column":8}},"18":{"start":{"line":55,"column":8},"end":{"line":74,"column":9}},"19":{"start":{"line":56,"column":10},"end":{"line":59,"column":12}},"20":{"start":{"line":60,"column":15},"end":{"line":74,"column":9}},"21":{"start":{"line":61,"column":10},"end":{"line":63,"column":33}},"22":{"start":{"line":64,"column":15},"end":{"line":74,"column":9}},"23":{"start":{"line":65,"column":10},"end":{"line":67,"column":33}},"24":{"start":{"line":68,"column":15},"end":{"line":74,"column":9}},"25":{"start":{"line":69,"column":10},"end":{"line":71,"column":33}},"26":{"start":{"line":73,"column":10},"end":{"line":73,"column":23}},"27":{"start":{"line":77,"column":6},"end":{"line":77,"column":31}},"28":{"start":{"line":78,"column":6},"end":{"line":78,"column":43}},"29":{"start":{"line":87,"column":4},"end":{"line":89,"column":3}},"30":{"start":{"line":88,"column":162},"end":{"line":88,"column":180}}},"fnMap":{"0":{"name":"(anonymous_0)","decl":{"start":{"line":8,"column":2},"end":{"line":8,"column":3}},"loc":{"start":{"line":8,"column":21},"end":{"line":15,"column":3}},"line":8},"1":{"name":"(anonymous_1)","decl":{"start":{"line":24,"column":2},"end":{"line":24,"column":3}},"loc":{"start":{"line":24,"column":17},"end":{"line":80,"column":3}},"line":24},"2":{"name":"(anonymous_2)","decl":{"start":{"line":26,"column":50},"end":{"line":26,"column":51}},"loc":{"start":{"line":26,"column":65},"end":{"line":48,"column":7}},"line":26},"3":{"name":"(anonymous_3)","decl":{"start":{"line":54,"column":50},"end":{"line":54,"column":51}},"loc":{"start":{"line":54,"column":65},"end":{"line":76,"column":7}},"line":54},"4":{"name":"(anonymous_4)","decl":{"start":{"line":86,"column":2},"end":{"line":86,"column":3}},"loc":{"start":{"line":86,"column":10},"end":{"line":90,"column":1}},"line":86},"5":{"name":"(anonymous_5)","decl":{"start":{"line":88,"column":155},"end":{"line":88,"column":156}},"loc":{"start":{"line":88,"column":161},"end":{"line":88,"column":181}},"line":88}},"branchMap":{"0":{"loc":{"start":{"line":25,"column":4},"end":{"line":51,"column":5}},"type":"if","locations":[{"start":{"line":25,"column":4},"end":{"line":51,"column":5}},{"start":{},"end":{}}],"line":25},"1":{"loc":{"start":{"line":27,"column":8},"end":{"line":46,"column":9}},"type":"if","locations":[{"start":{"line":27,"column":8},"end":{"line":46,"column":9}},{"start":{"line":32,"column":15},"end":{"line":46,"column":9}}],"line":27},"2":{"loc":{"start":{"line":27,"column":11},"end":{"line":27,"column":145}},"type":"binary-expr","locations":[{"start":{"line":27,"column":11},"end":{"line":27,"column":33}},{"start":{"line":27,"column":38},"end":{"line":27,"column":62}},{"start":{"line":27,"column":65},"end":{"line":27,"column":89}},{"start":{"line":27,"column":93},"end":{"line":27,"column":117}},{"start":{"line":27,"column":120},"end":{"line":27,"column":144}}],"line":27},"3":{"loc":{"start":{"line":32,"column":15},"end":{"line":46,"column":9}},"type":"if","locations":[{"start":{"line":32,"column":15},"end":{"line":46,"column":9}},{"start":{"line":36,"column":15},"end":{"line":46,"column":9}}],"line":32},"4":{"loc":{"start":{"line":32,"column":19},"end":{"line":32,"column":131}},"type":"binary-expr","locations":[{"start":{"line":32,"column":19},"end":{"line":32,"column":45}},{"start":{"line":32,"column":50},"end":{"line":32,"column":74}},{"start":{"line":32,"column":78},"end":{"line":32,"column":102}},{"start":{"line":32,"column":106},"end":{"line":32,"column":130}}],"line":32},"5":{"loc":{"start":{"line":36,"column":15},"end":{"line":46,"column":9}},"type":"if","locations":[{"start":{"line":36,"column":15},"end":{"line":46,"column":9}},{"start":{"line":40,"column":15},"end":{"line":46,"column":9}}],"line":36},"6":{"loc":{"start":{"line":36,"column":19},"end":{"line":36,"column":103}},"type":"binary-expr","locations":[{"start":{"line":36,"column":19},"end":{"line":36,"column":45}},{"start":{"line":36,"column":50},"end":{"line":36,"column":74}},{"start":{"line":36,"column":78},"end":{"line":36,"column":102}}],"line":36},"7":{"loc":{"start":{"line":40,"column":15},"end":{"line":46,"column":9}},"type":"if","locations":[{"start":{"line":40,"column":15},"end":{"line":46,"column":9}},{"start":{"line":44,"column":15},"end":{"line":46,"column":9}}],"line":40},"8":{"loc":{"start":{"line":40,"column":19},"end":{"line":40,"column":75}},"type":"binary-expr","locations":[{"start":{"line":40,"column":19},"end":{"line":40,"column":45}},{"start":{"line":40,"column":50},"end":{"line":40,"column":74}}],"line":40},"9":{"loc":{"start":{"line":53,"column":4},"end":{"line":79,"column":5}},"type":"if","locations":[{"start":{"line":53,"column":4},"end":{"line":79,"column":5}},{"start":{},"end":{}}],"line":53},"10":{"loc":{"start":{"line":55,"column":8},"end":{"line":74,"column":9}},"type":"if","locations":[{"start":{"line":55,"column":8},"end":{"line":74,"column":9}},{"start":{"line":60,"column":15},"end":{"line":74,"column":9}}],"line":55},"11":{"loc":{"start":{"line":55,"column":11},"end":{"line":55,"column":145}},"type":"binary-expr","locations":[{"start":{"line":55,"column":11},"end":{"line":55,"column":33}},{"start":{"line":55,"column":38},"end":{"line":55,"column":62}},{"start":{"line":55,"column":65},"end":{"line":55,"column":89}},{"start":{"line":55,"column":93},"end":{"line":55,"column":117}},{"start":{"line":55,"column":120},"end":{"line":55,"column":144}}],"line":55},"12":{"loc":{"start":{"line":60,"column":15},"end":{"line":74,"column":9}},"type":"if","locations":[{"start":{"line":60,"column":15},"end":{"line":74,"column":9}},{"start":{"line":64,"column":15},"end":{"line":74,"column":9}}],"line":60},"13":{"loc":{"start":{"line":60,"column":19},"end":{"line":60,"column":131}},"type":"binary-expr","locations":[{"start":{"line":60,"column":19},"end":{"line":60,"column":45}},{"start":{"line":60,"column":50},"end":{"line":60,"column":74}},{"start":{"line":60,"column":78},"end":{"line":60,"column":102}},{"start":{"line":60,"column":106},"end":{"line":60,"column":130}}],"line":60},"14":{"loc":{"start":{"line":64,"column":15},"end":{"line":74,"column":9}},"type":"if","locations":[{"start":{"line":64,"column":15},"end":{"line":74,"column":9}},{"start":{"line":68,"column":15},"end":{"line":74,"column":9}}],"line":64},"15":{"loc":{"start":{"line":64,"column":19},"end":{"line":64,"column":103}},"type":"binary-expr","locations":[{"start":{"line":64,"column":19},"end":{"line":64,"column":45}},{"start":{"line":64,"column":50},"end":{"line":64,"column":74}},{"start":{"line":64,"column":78},"end":{"line":64,"column":102}}],"line":64},"16":{"loc":{"start":{"line":68,"column":15},"end":{"line":74,"column":9}},"type":"if","locations":[{"start":{"line":68,"column":15},"end":{"line":74,"column":9}},{"start":{"line":72,"column":15},"end":{"line":74,"column":9}}],"line":68},"17":{"loc":{"start":{"line":68,"column":19},"end":{"line":68,"column":76}},"type":"binary-expr","locations":[{"start":{"line":68,"column":19},"end":{"line":68,"column":46}},{"start":{"line":68,"column":51},"end":{"line":68,"column":75}}],"line":68}},"s":{"0":112,"1":112,"2":112,"3":1,"4":1,"5":16,"6":1,"7":15,"8":0,"9":15,"10":0,"11":15,"12":0,"13":15,"14":1,"15":1,"16":1,"17":0,"18":0,"19":0,"20":0,"21":0,"22":0,"23":0,"24":0,"25":0,"26":0,"27":0,"28":0,"29":144,"30":1},"f":{"0":112,"1":1,"2":16,"3":0,"4":144,"5":1},"b":{"0":[1,0],"1":[1,15],"2":[16,1,0,0,0],"3":[0,15],"4":[15,1,1,1],"5":[0,15],"6":[15,1,1],"7":[0,15],"8":[15,1],"9":[0,1],"10":[0,0],"11":[0,0,0,0,0],"12":[0,0],"13":[0,0,0,0],"14":[0,0],"15":[0,0,0],"16":[0,0],"17":[0,0]},"_coverageSchema":"1a1c01bbd47fc00a2c39e90264f33305004495a9","hash":"4d330b5fd891b1e22d298c140e64d9e0b4672e9e"}
,"/Users/oswinpinto/Desktop/Final project/battleships_royale/src/SquareOpponent.js": {"path":"/Users/oswinpinto/Desktop/Final project/battleships_royale/src/SquareOpponent.js","statementMap":{"0":{"start":{"line":7,"column":4},"end":{"line":7,"column":17}},"1":{"start":{"line":8,"column":4},"end":{"line":11,"column":5}},"2":{"start":{"line":12,"column":4},"end":{"line":12,"column":50}},"3":{"start":{"line":23,"column":23},"end":{"line":29,"column":6}},"4":{"start":{"line":24,"column":6},"end":{"line":28,"column":30}},"5":{"start":{"line":25,"column":8},"end":{"line":25,"column":45}},"6":{"start":{"line":26,"column":13},"end":{"line":28,"column":30}},"7":{"start":{"line":27,"column":8},"end":{"line":27,"column":46}},"8":{"start":{"line":28,"column":15},"end":{"line":28,"column":28}},"9":{"start":{"line":30,"column":4},"end":{"line":30,"column":41}},"10":{"start":{"line":38,"column":4},"end":{"line":40,"column":3}},"11":{"start":{"line":39,"column":163},"end":{"line":39,"column":181}}},"fnMap":{"0":{"name":"(anonymous_0)","decl":{"start":{"line":6,"column":2},"end":{"line":6,"column":3}},"loc":{"start":{"line":6,"column":21},"end":{"line":13,"column":3}},"line":6},"1":{"name":"(anonymous_1)","decl":{"start":{"line":22,"column":2},"end":{"line":22,"column":3}},"loc":{"start":{"line":22,"column":17},"end":{"line":31,"column":3}},"line":22},"2":{"name":"(anonymous_2)","decl":{"start":{"line":23,"column":48},"end":{"line":23,"column":49}},"loc":{"start":{"line":23,"column":63},"end":{"line":29,"column":5}},"line":23},"3":{"name":"(anonymous_3)","decl":{"start":{"line":37,"column":2},"end":{"line":37,"column":3}},"loc":{"start":{"line":37,"column":10},"end":{"line":41,"column":1}},"line":37},"4":{"name":"(anonymous_4)","decl":{"start":{"line":39,"column":156},"end":{"line":39,"column":157}},"loc":{"start":{"line":39,"column":162},"end":{"line":39,"column":182}},"line":39}},"branchMap":{"0":{"loc":{"start":{"line":24,"column":6},"end":{"line":28,"column":30}},"type":"if","locations":[{"start":{"line":24,"column":6},"end":{"line":28,"column":30}},{"start":{"line":26,"column":13},"end":{"line":28,"column":30}}],"line":24},"1":{"loc":{"start":{"line":24,"column":9},"end":{"line":24,"column":74}},"type":"binary-expr","locations":[{"start":{"line":24,"column":9},"end":{"line":24,"column":31}},{"start":{"line":24,"column":35},"end":{"line":24,"column":74}}],"line":24},"2":{"loc":{"start":{"line":26,"column":13},"end":{"line":28,"column":30}},"type":"if","locations":[{"start":{"line":26,"column":13},"end":{"line":28,"column":30}},{"start":{"line":28,"column":13},"end":{"line":28,"column":30}}],"line":26},"3":{"loc":{"start":{"line":26,"column":17},"end":{"line":26,"column":79}},"type":"binary-expr","locations":[{"start":{"line":26,"column":17},"end":{"line":26,"column":39}},{"start":{"line":26,"column":43},"end":{"line":26,"column":79}}],"line":26}},"s":{"0":112,"1":112,"2":112,"3":1,"4":16,"5":0,"6":16,"7":1,"8":15,"9":1,"10":144,"11":1},"f":{"0":112,"1":1,"2":16,"3":144,"4":1},"b":{"0":[0,16],"1":[16,1],"2":[1,15],"3":[16,1]},"_coverageSchema":"1a1c01bbd47fc00a2c39e90264f33305004495a9","hash":"efc441f4db40ad5971d114b6f7ad7de4f68e1ea7"}
,"/Users/oswinpinto/Desktop/Final project/battleships_royale/src/Welcome.js": {"path":"/Users/oswinpinto/Desktop/Final project/battleships_royale/src/Welcome.js","statementMap":{"0":{"start":{"line":6,"column":2},"end":{"line":10,"column":4}},"1":{"start":{"line":8,"column":46},"end":{"line":8,"column":69}}},"fnMap":{"0":{"name":"Welcome","decl":{"start":{"line":5,"column":16},"end":{"line":5,"column":23}},"loc":{"start":{"line":5,"column":42},"end":{"line":12,"column":1}},"line":5},"1":{"name":"(anonymous_1)","decl":{"start":{"line":8,"column":40},"end":{"line":8,"column":41}},"loc":{"start":{"line":8,"column":46},"end":{"line":8,"column":69}},"line":8}},"branchMap":{},"s":{"0":3,"1":1},"f":{"0":3,"1":1},"b":{},"_coverageSchema":"1a1c01bbd47fc00a2c39e90264f33305004495a9","hash":"d42143994b40570918afe619c408132224207107"}
,"/Users/oswinpinto/Desktop/Final project/battleships_royale/src/index.js": {"path":"/Users/oswinpinto/Desktop/Final project/battleships_royale/src/index.js","statementMap":{"0":{"start":{"line":7,"column":13},"end":{"line":7,"column":65}},"1":{"start":{"line":8,"column":0},"end":{"line":12,"column":2}},"2":{"start":{"line":17,"column":0},"end":{"line":17,"column":18}}},"fnMap":{},"branchMap":{},"s":{"0":0,"1":0,"2":0},"f":{},"b":{}}
,"/Users/oswinpinto/Desktop/Final project/battleships_royale/src/reportWebVitals.js": {"path":"/Users/oswinpinto/Desktop/Final project/battleships_royale/src/reportWebVitals.js","statementMap":{"0":{"start":{"line":1,"column":24},"end":{"line":11,"column":1}},"1":{"start":{"line":2,"column":2},"end":{"line":10,"column":3}},"2":{"start":{"line":3,"column":4},"end":{"line":9,"column":7}},"3":{"start":{"line":4,"column":6},"end":{"line":4,"column":26}},"4":{"start":{"line":5,"column":6},"end":{"line":5,"column":26}},"5":{"start":{"line":6,"column":6},"end":{"line":6,"column":26}},"6":{"start":{"line":7,"column":6},"end":{"line":7,"column":26}},"7":{"start":{"line":8,"column":6},"end":{"line":8,"column":27}}},"fnMap":{"0":{"name":"(anonymous_0)","decl":{"start":{"line":1,"column":24},"end":{"line":1,"column":25}},"loc":{"start":{"line":1,"column":39},"end":{"line":11,"column":1}},"line":1},"1":{"name":"(anonymous_1)","decl":{"start":{"line":3,"column":30},"end":{"line":3,"column":31}},"loc":{"start":{"line":3,"column":79},"end":{"line":9,"column":5}},"line":3}},"branchMap":{"0":{"loc":{"start":{"line":2,"column":2},"end":{"line":10,"column":3}},"type":"if","locations":[{"start":{"line":2,"column":2},"end":{"line":10,"column":3}},{"start":{},"end":{}}],"line":2},"1":{"loc":{"start":{"line":2,"column":6},"end":{"line":2,"column":52}},"type":"binary-expr","locations":[{"start":{"line":2,"column":6},"end":{"line":2,"column":17}},{"start":{"line":2,"column":21},"end":{"line":2,"column":52}}],"line":2}},"s":{"0":0,"1":0,"2":0,"3":0,"4":0,"5":0,"6":0,"7":0},"f":{"0":0,"1":0},"b":{"0":[0,0],"1":[0,0]}}
}
