TN:
SF:src/App.js
FN:7,App
FNF:1
FNH:1
FNDA:3,App
DA:8,3
DA:10,3
LF:2
LH:2
BRDA:11,0,0,2
BRDA:11,0,1,1
BRF:2
BRH:2
end_of_record
TN:
SF:src/RunGame.js
FN:12,RunGame
FN:27,(anonymous_1)
FN:37,(anonymous_2)
FN:38,(anonymous_3)
FN:39,(anonymous_4)
FN:40,(anonymous_5)
FN:41,(anonymous_6)
FN:42,(anonymous_7)
FN:46,(anonymous_8)
FN:53,(anonymous_9)
FN:62,SelectShip
FN:84,SelectOrientation
FNF:12
FNH:6
FNDA:9,RunGame
FNDA:144,(anonymous_1)
FNDA:1,(anonymous_2)
FNDA:0,(anonymous_3)
FNDA:0,(anonymous_4)
FNDA:0,(anonymous_5)
FNDA:0,(anonymous_6)
FNDA:0,(anonymous_7)
FNDA:144,(anonymous_8)
FNDA:144,(anonymous_9)
FNDA:1,SelectShip
FNDA:0,SelectOrientation
DA:6,4
DA:7,4
DA:9,4
DA:10,4
DA:13,9
DA:20,9
DA:22,9
DA:27,9
DA:28,144
DA:33,9
DA:35,9
DA:37,1
DA:38,0
DA:39,0
DA:40,0
DA:41,0
DA:42,0
DA:46,144
DA:53,144
DA:64,1
DA:66,1
DA:68,0
DA:70,0
DA:72,0
DA:74,0
DA:76,0
DA:78,0
DA:85,0
DA:86,0
DA:87,0
DA:88,0
LF:31
LH:16
BRDA:28,0,0,27
BRDA:28,0,1,117
BRDA:28,1,0,144
BRDA:28,1,1,135
BRDA:28,1,2,126
BRDA:64,2,0,1
BRDA:64,2,1,0
BRDA:68,3,0,0
BRDA:68,3,1,0
BRDA:72,4,0,0
BRDA:72,4,1,0
BRDA:76,5,0,0
BRDA:76,5,1,0
BRDA:85,6,0,0
BRDA:85,6,1,0
BRDA:87,7,0,0
BRDA:87,7,1,0
BRF:17
BRH:6
end_of_record
TN:
SF:src/Square.js
FN:8,(anonymous_0)
FN:24,(anonymous_1)
FN:26,(anonymous_2)
FN:54,(anonymous_3)
FN:86,(anonymous_4)
FN:88,(anonymous_5)
FNF:6
FNH:5
FNDA:112,(anonymous_0)
FNDA:1,(anonymous_1)
FNDA:16,(anonymous_2)
FNDA:0,(anonymous_3)
FNDA:144,(anonymous_4)
FNDA:1,(anonymous_5)
DA:9,112
DA:10,112
DA:14,112
DA:25,1
DA:26,1
DA:27,16
DA:28,1
DA:32,15
DA:33,0
DA:36,15
DA:37,0
DA:40,15
DA:41,0
DA:45,15
DA:49,1
DA:50,1
DA:53,1
DA:54,0
DA:55,0
DA:56,0
DA:60,0
DA:61,0
DA:64,0
DA:65,0
DA:68,0
DA:69,0
DA:73,0
DA:77,0
DA:78,0
DA:87,144
DA:88,1
LF:31
LH:16
BRDA:25,0,0,1
BRDA:25,0,1,0
BRDA:27,1,0,1
BRDA:27,1,1,15
BRDA:27,2,0,16
BRDA:27,2,1,1
BRDA:27,2,2,0
BRDA:27,2,3,0
BRDA:27,2,4,0
BRDA:32,3,0,0
BRDA:32,3,1,15
BRDA:32,4,0,15
BRDA:32,4,1,1
BRDA:32,4,2,1
BRDA:32,4,3,1
BRDA:36,5,0,0
BRDA:36,5,1,15
BRDA:36,6,0,15
BRDA:36,6,1,1
BRDA:36,6,2,1
BRDA:40,7,0,0
BRDA:40,7,1,15
BRDA:40,8,0,15
BRDA:40,8,1,1
BRDA:53,9,0,0
BRDA:53,9,1,1
BRDA:55,10,0,0
BRDA:55,10,1,0
BRDA:55,11,0,0
BRDA:55,11,1,0
BRDA:55,11,2,0
BRDA:55,11,3,0
BRDA:55,11,4,0
BRDA:60,12,0,0
BRDA:60,12,1,0
BRDA:60,13,0,0
BRDA:60,13,1,0
BRDA:60,13,2,0
BRDA:60,13,3,0
BRDA:64,14,0,0
BRDA:64,14,1,0
BRDA:64,15,0,0
BRDA:64,15,1,0
BRDA:64,15,2,0
BRDA:68,16,0,0
BRDA:68,16,1,0
BRDA:68,17,0,0
BRDA:68,17,1,0
BRF:48
BRH:18
end_of_record
TN:
SF:src/SquareOpponent.js
FN:6,(anonymous_0)
FN:22,(anonymous_1)
FN:23,(anonymous_2)
FN:37,(anonymous_3)
FN:39,(anonymous_4)
FNF:5
FNH:5
FNDA:112,(anonymous_0)
FNDA:1,(anonymous_1)
FNDA:16,(anonymous_2)
FNDA:144,(anonymous_3)
FNDA:1,(anonymous_4)
DA:7,112
DA:8,112
DA:12,112
DA:23,1
DA:24,16
DA:25,0
DA:26,16
DA:27,1
DA:28,15
DA:30,1
DA:38,144
DA:39,1
LF:12
LH:11
BRDA:24,0,0,0
BRDA:24,0,1,16
BRDA:24,1,0,16
BRDA:24,1,1,1
BRDA:26,2,0,1
BRDA:26,2,1,15
BRDA:26,3,0,16
BRDA:26,3,1,1
BRF:8
BRH:7
end_of_record
TN:
SF:src/Welcome.js
FN:5,Welcome
FN:8,(anonymous_1)
FNF:2
FNH:2
FNDA:3,Welcome
FNDA:1,(anonymous_1)
DA:6,3
DA:8,1
LF:2
LH:2
BRF:0
BRH:0
end_of_record
TN:
SF:src/index.js
FNF:0
FNH:0
DA:7,0
DA:8,0
DA:17,0
LF:3
LH:0
BRF:0
BRH:0
end_of_record
TN:
SF:src/reportWebVitals.js
FN:1,(anonymous_0)
FN:3,(anonymous_1)
FNF:2
FNH:0
FNDA:0,(anonymous_0)
FNDA:0,(anonymous_1)
DA:1,0
DA:2,0
DA:3,0
DA:4,0
DA:5,0
DA:6,0
DA:7,0
DA:8,0
LF:8
LH:0
BRDA:2,0,0,0
BRDA:2,0,1,0
BRDA:2,1,0,0
BRDA:2,1,1,0
BRF:4
BRH:0
end_of_record
